<?xml version="1.0" encoding="UTF-8"?>
<testng-results ignored="0" total="1" passed="1" failed="0" skipped="0">
  <reporter-output>
  </reporter-output>
  <suite started-at="2025-11-13T18:15:52 IST" name="Default suite" finished-at="2025-11-13T18:15:53 IST" duration-ms="793">
    <groups>
    </groups>
    <test started-at="2025-11-13T18:15:52 IST" name="Default test" finished-at="2025-11-13T18:15:53 IST" duration-ms="793">
      <class name="paesingJsonResponseData">
        <test-method signature="testJsonResponseBodyData()[pri:0, instance:paesingJsonResponseData@6c1a5b54]" started-at="2025-11-13T18:15:52 IST" name="testJsonResponseBodyData" finished-at="2025-11-13T18:15:53 IST" duration-ms="763" status="PASS">
          <reporter-output>
          </reporter-output>
        </test-method> <!-- testJsonResponseBodyData -->
      </class> <!-- paesingJsonResponseData -->
    </test> <!-- Default test -->
  </suite> <!-- Default suite -->
</testng-results>
