<?xml version="1.0" encoding="UTF-8"?>
<!-- Generated by org.testng.reporters.JUnitReportReporter -->
<testsuite hostname="DESKTOP-G7O35M6" failures="0" tests="6" name="SingletonWithSelenium.AppTest" time="131.862" errors="0" timestamp="2025-01-05T19:59:19 IST" skipped="0">
  <testcase classname="SingletonWithSelenium.AppTest" name="testGoogle" time="22.541"/>
  <testcase classname="SingletonWithSelenium.AppTest" name="testGoogle" time="16.068"/>
  <testcase classname="SingletonWithSelenium.AppTest" name="testGoogle" time="23.423"/>
  <testcase classname="SingletonWithSelenium.AppTest" name="testGoogle" time="23.683"/>
  <testcase classname="SingletonWithSelenium.AppTest" name="testGoogle" time="22.259"/>
  <testcase classname="SingletonWithSelenium.AppTest" name="testGoogle" time="23.888"/>
</testsuite> <!-- SingletonWithSelenium.AppTest -->
