<?xml version="1.0" encoding="UTF-8"?>
<!-- Generated by org.testng.reporters.JUnitXMLReporter -->
<testsuite hostname="DESKTOP-G7O35M6" failures="1" tests="1" name="Test" time="0.145" errors="0" timestamp="6 Oct 2024 12:04:14 GMT">
  <testcase classname="TestDemo" name="GetBooksDetails" time="0.138">
    <failure type="java.lang.NoClassDefFoundError" message="org/apache/http/client/HttpClient">
      <![CDATA[java.lang.NoClassDefFoundError: org/apache/http/client/HttpClient
	at io.restassured.config.HttpClientConfig.defaultHttpClientFactory(HttpClientConfig.java:264)
	at io.restassured.config.HttpClientConfig.<init>(HttpClientConfig.java:76)
	at io.restassured.config.RestAssuredConfig.<init>(RestAssuredConfig.java:41)
	at io.restassured.RestAssured.<clinit>(RestAssured.java:420)
	at TestDemo.GetBooksDetails(TestDemo.java:13)
Caused by: java.lang.ClassNotFoundException: org.apache.http.client.HttpClient
	at java.base/jdk.internal.loader.BuiltinClassLoader.loadClass(BuiltinClassLoader.java:641)
	at java.base/jdk.internal.loader.ClassLoaders$AppClassLoader.loadClass(ClassLoaders.java:188)
	at java.base/java.lang.ClassLoader.loadClass(ClassLoader.java:520)
	... 29 more
... Removed 24 stack frames]]>
    </failure>
  </testcase> <!-- GetBooksDetails -->
</testsuite> <!-- Test -->
